[2022-09-01 17:45:42.956] [exthost] [info] Extension host with pid 49629 started
[2022-09-01 17:45:42.956] [exthost] [info] Skipping acquiring lock for /home/gabriel/.config/Code - OSS/User/workspaceStorage/3cde1549f5fc54012098781c2dc91133.
[2022-09-01 17:45:43.082] [exthost] [info] ExtensionService#_doActivateExtension vscode.debug-auto-launch, startup: true, activationEvent: '*'
[2022-09-01 17:45:43.087] [exthost] [info] ExtensionService#_doActivateExtension vscode.git-base, startup: true, activationEvent: '*', root cause: vscode.git
[2022-09-01 17:45:43.090] [exthost] [info] ExtensionService#_doActivateExtension vscode.ipynb, startup: true, activationEvent: '*'
[2022-09-01 17:45:43.110] [exthost] [info] ExtensionService#_doActivateExtension vscode.git, startup: true, activationEvent: '*'
[2022-09-01 17:45:43.136] [exthost] [info] ExtensionService#_doActivateExtension vscode.github, startup: true, activationEvent: '*'
[2022-09-01 17:45:43.181] [exthost] [info] Eager extensions activated
[2022-09-01 17:45:43.233] [exthost] [info] ExtensionService#_doActivateExtension vscode.emmet, startup: false, activationEvent: 'onStartupFinished'
[2022-09-01 17:45:43.242] [exthost] [info] ExtensionService#_doActivateExtension vscode.merge-conflict, startup: false, activationEvent: 'onStartupFinished'
[2022-09-01 17:45:43.776] [exthost] [error] {"message":"Git error","stdout":"","stderr":"fatal: Pathspec '/home/gabriel/.config/awesome/lain/widget/bat.lua' is in submodule 'lain'\n","exitCode":128,"gitErrorCode":"IsInSubmodule"}
[2022-09-01 17:45:43.776] [exthost] [error] {"message":"Git error","stdout":"","stderr":"fatal: Pathspec '/home/gabriel/.config/awesome/lain/widget/bat.lua' is in submodule 'lain'\n","exitCode":128,"gitErrorCode":"IsInSubmodule"}
[2022-09-01 17:45:43.776] [exthost] [error] {"message":"Git error","stdout":"","stderr":"fatal: Pathspec '/home/gabriel/.config/awesome/lain/widget/bat.lua' is in submodule 'lain'\n","exitCode":128,"gitErrorCode":"IsInSubmodule"}
[2022-09-01 17:45:43.776] [exthost] [error] {"message":"Git error","stdout":"","stderr":"fatal: Pathspec '/home/gabriel/.config/awesome/lain/widget/bat.lua' is in submodule 'lain'\n","exitCode":128,"gitErrorCode":"IsInSubmodule"}
[2022-09-01 17:45:43.776] [exthost] [error] {"message":"Git error","stdout":"","stderr":"fatal: Pathspec '/home/gabriel/.config/awesome/lain/widget/bat.lua' is in submodule 'lain'\n","exitCode":128,"gitErrorCode":"IsInSubmodule"}
[2022-09-01 17:45:43.776] [exthost] [error] {"message":"Git error","stdout":"","stderr":"fatal: Pathspec '/home/gabriel/.config/awesome/lain/widget/bat.lua' is in submodule 'lain'\n","exitCode":128,"gitErrorCode":"IsInSubmodule"}
[2022-09-01 17:45:43.776] [exthost] [error] {"message":"Git error","stdout":"","stderr":"fatal: Pathspec '/home/gabriel/.config/awesome/lain/widget/bat.lua' is in submodule 'lain'\n","exitCode":128,"gitErrorCode":"IsInSubmodule"}
[2022-09-01 17:45:43.776] [exthost] [error] {"message":"Git error","stdout":"","stderr":"fatal: Pathspec '/home/gabriel/.config/awesome/lain/widget/bat.lua' is in submodule 'lain'\n","exitCode":128,"gitErrorCode":"IsInSubmodule"}
[2022-09-01 17:45:43.776] [exthost] [error] {"message":"Git error","stdout":"","stderr":"fatal: Pathspec '/home/gabriel/.config/awesome/lain/widget/bat.lua' is in submodule 'lain'\n","exitCode":128,"gitErrorCode":"IsInSubmodule"}
[2022-09-01 17:45:43.776] [exthost] [error] {"message":"Git error","stdout":"","stderr":"fatal: Pathspec '/home/gabriel/.config/awesome/lain/widget/bat.lua' is in submodule 'lain'\n","exitCode":128,"gitErrorCode":"IsInSubmodule"}
[2022-09-01 17:45:43.777] [exthost] [error] {"message":"Git error","stdout":"","stderr":"fatal: Pathspec '/home/gabriel/.config/awesome/lain/widget/bat.lua' is in submodule 'lain'\n","exitCode":128,"gitErrorCode":"IsInSubmodule"}
[2022-09-01 17:45:43.777] [exthost] [error] {"message":"Git error","stdout":"","stderr":"fatal: Pathspec '/home/gabriel/.config/awesome/lain/widget/bat.lua' is in submodule 'lain'\n","exitCode":128,"gitErrorCode":"IsInSubmodule"}
[2022-09-01 17:45:43.777] [exthost] [error] {"message":"Git error","stdout":"","stderr":"fatal: Pathspec '/home/gabriel/.config/awesome/lain/widget/bat.lua' is in submodule 'lain'\n","exitCode":128,"gitErrorCode":"IsInSubmodule"}
[2022-09-01 17:45:43.777] [exthost] [error] {"message":"Git error","stdout":"","stderr":"fatal: Pathspec '/home/gabriel/.config/awesome/lain/widget/bat.lua' is in submodule 'lain'\n","exitCode":128,"gitErrorCode":"IsInSubmodule"}
[2022-09-01 17:45:43.777] [exthost] [error] {"message":"Git error","stdout":"","stderr":"fatal: Pathspec '/home/gabriel/.config/awesome/lain/widget/bat.lua' is in submodule 'lain'\n","exitCode":128,"gitErrorCode":"IsInSubmodule"}
[2022-09-01 17:45:43.777] [exthost] [error] {"message":"Git error","stdout":"","stderr":"fatal: Pathspec '/home/gabriel/.config/awesome/lain/widget/bat.lua' is in submodule 'lain'\n","exitCode":128,"gitErrorCode":"IsInSubmodule"}
[2022-09-01 17:45:43.777] [exthost] [error] {"message":"Git error","stdout":"","stderr":"fatal: Pathspec '/home/gabriel/.config/awesome/lain/widget/bat.lua' is in submodule 'lain'\n","exitCode":128,"gitErrorCode":"IsInSubmodule"}
[2022-09-01 17:45:43.777] [exthost] [error] {"message":"Git error","stdout":"","stderr":"fatal: Pathspec '/home/gabriel/.config/awesome/lain/widget/bat.lua' is in submodule 'lain'\n","exitCode":128,"gitErrorCode":"IsInSubmodule"}
[2022-09-01 17:45:43.777] [exthost] [error] {"message":"Git error","stdout":"","stderr":"fatal: Pathspec '/home/gabriel/.config/awesome/lain/widget/bat.lua' is in submodule 'lain'\n","exitCode":128,"gitErrorCode":"IsInSubmodule"}
[2022-09-01 17:45:43.777] [exthost] [error] {"message":"Git error","stdout":"","stderr":"fatal: Pathspec '/home/gabriel/.config/awesome/lain/widget/bat.lua' is in submodule 'lain'\n","exitCode":128,"gitErrorCode":"IsInSubmodule"}
[2022-09-01 17:45:43.777] [exthost] [error] {"message":"Git error","stdout":"","stderr":"fatal: Pathspec '/home/gabriel/.config/awesome/lain/widget/bat.lua' is in submodule 'lain'\n","exitCode":128,"gitErrorCode":"IsInSubmodule"}
[2022-09-01 17:45:43.777] [exthost] [error] {"message":"Git error","stdout":"","stderr":"fatal: Pathspec '/home/gabriel/.config/awesome/lain/widget/bat.lua' is in submodule 'lain'\n","exitCode":128,"gitErrorCode":"IsInSubmodule"}
[2022-09-01 17:45:43.777] [exthost] [error] {"message":"Git error","stdout":"","stderr":"fatal: Pathspec '/home/gabriel/.config/awesome/lain/widget/bat.lua' is in submodule 'lain'\n","exitCode":128,"gitErrorCode":"IsInSubmodule"}
[2022-09-01 17:45:43.777] [exthost] [error] {"message":"Git error","stdout":"","stderr":"fatal: Pathspec '/home/gabriel/.config/awesome/lain/widget/bat.lua' is in submodule 'lain'\n","exitCode":128,"gitErrorCode":"IsInSubmodule"}
[2022-09-01 17:45:43.777] [exthost] [error] {"message":"Git error","stdout":"","stderr":"fatal: Pathspec '/home/gabriel/.config/awesome/lain/widget/bat.lua' is in submodule 'lain'\n","exitCode":128,"gitErrorCode":"IsInSubmodule"}
[2022-09-01 17:45:43.777] [exthost] [error] {"message":"Git error","stdout":"","stderr":"fatal: Pathspec '/home/gabriel/.config/awesome/lain/widget/bat.lua' is in submodule 'lain'\n","exitCode":128,"gitErrorCode":"IsInSubmodule"}
[2022-09-01 17:55:58.754] [exthost] [info] ExtensionService#_doActivateExtension vscode.configuration-editing, startup: false, activationEvent: 'onLanguage:jsonc'
[2022-09-01 17:55:58.763] [exthost] [info] ExtensionService#_doActivateExtension vscode.json-language-features, startup: false, activationEvent: 'onLanguage:jsonc'
[2022-09-01 17:55:58.858] [exthost] [info] ExtensionService#_doActivateExtension vscode.typescript-language-features, startup: false, activationEvent: 'onLanguage:jsonc'
[2022-09-03 03:36:14.595] [exthost] [info] Extension host terminating: received terminate message from renderer
[2022-09-03 03:36:14.612] [exthost] [info] Extension host with pid 49629 exiting with code 0
