[2022-09-03T02:51:44.469Z] Log level: Info
[2022-09-03T02:51:44.471Z] [info] Validating found git in: git
[2022-09-03T02:51:44.492Z] [info] Using git 2.37.3 from git
[2022-09-03T02:51:44.518Z] > git rev-parse --show-toplevel [6ms]
[2022-09-03T02:51:44.518Z] fatal: not a git repository (or any parent up to mount point /)
Stopping at filesystem boundary (GIT_DISCOVERY_ACROSS_FILESYSTEM not set).
[2022-09-03T02:51:44.530Z] > git rev-parse --show-toplevel [2ms]
[2022-09-03T02:51:44.540Z] > git rev-parse --git-dir --git-common-dir [2ms]
[2022-09-03T02:51:44.546Z] [info] Open repository: /home/gabriel/.config/awesome
[2022-09-03T02:51:44.610Z] > git rev-parse --show-toplevel [46ms]
[2022-09-03T02:51:44.610Z] fatal: not a git repository (or any parent up to mount point /)
Stopping at filesystem boundary (GIT_DISCOVERY_ACROSS_FILESYSTEM not set).
[2022-09-03T02:51:44.631Z] > git rev-parse --show-toplevel [12ms]
[2022-09-03T02:51:44.631Z] fatal: not a git repository (or any parent up to mount point /)
Stopping at filesystem boundary (GIT_DISCOVERY_ACROSS_FILESYSTEM not set).
[2022-09-03T02:51:44.641Z] > git rev-parse --show-toplevel [2ms]
[2022-09-03T02:51:44.641Z] fatal: not a git repository (or any parent up to mount point /)
Stopping at filesystem boundary (GIT_DISCOVERY_ACROSS_FILESYSTEM not set).
[2022-09-03T02:51:44.653Z] > git rev-parse --show-toplevel [2ms]
[2022-09-03T02:51:44.653Z] fatal: not a git repository (or any parent up to mount point /)
Stopping at filesystem boundary (GIT_DISCOVERY_ACROSS_FILESYSTEM not set).
[2022-09-03T02:51:44.665Z] > git rev-parse --show-toplevel [5ms]
[2022-09-03T02:51:44.665Z] fatal: not a git repository (or any parent up to mount point /)
Stopping at filesystem boundary (GIT_DISCOVERY_ACROSS_FILESYSTEM not set).
[2022-09-03T02:51:44.675Z] > git rev-parse --show-toplevel [2ms]
[2022-09-03T02:51:44.675Z] fatal: not a git repository (or any parent up to mount point /)
Stopping at filesystem boundary (GIT_DISCOVERY_ACROSS_FILESYSTEM not set).
[2022-09-03T02:51:44.685Z] > git rev-parse --show-toplevel [3ms]
[2022-09-03T02:51:44.685Z] fatal: not a git repository (or any parent up to mount point /)
Stopping at filesystem boundary (GIT_DISCOVERY_ACROSS_FILESYSTEM not set).
[2022-09-03T02:51:44.694Z] > git rev-parse --show-toplevel [2ms]
[2022-09-03T02:51:44.694Z] fatal: not a git repository (or any parent up to mount point /)
Stopping at filesystem boundary (GIT_DISCOVERY_ACROSS_FILESYSTEM not set).
[2022-09-03T02:51:44.707Z] > git rev-parse --show-toplevel [1ms]
[2022-09-03T02:51:44.707Z] fatal: not a git repository (or any parent up to mount point /)
Stopping at filesystem boundary (GIT_DISCOVERY_ACROSS_FILESYSTEM not set).
[2022-09-03T02:51:44.716Z] > git rev-parse --show-toplevel [1ms]
[2022-09-03T02:51:44.716Z] fatal: not a git repository (or any parent up to mount point /)
Stopping at filesystem boundary (GIT_DISCOVERY_ACROSS_FILESYSTEM not set).
[2022-09-03T02:51:44.725Z] > git rev-parse --show-toplevel [1ms]
[2022-09-03T02:51:44.725Z] fatal: not a git repository (or any parent up to mount point /)
Stopping at filesystem boundary (GIT_DISCOVERY_ACROSS_FILESYSTEM not set).
[2022-09-03T02:51:44.736Z] > git rev-parse --show-toplevel [3ms]
[2022-09-03T02:51:44.736Z] fatal: not a git repository (or any parent up to mount point /)
Stopping at filesystem boundary (GIT_DISCOVERY_ACROSS_FILESYSTEM not set).
[2022-09-03T02:51:44.748Z] > git rev-parse --show-toplevel [3ms]
[2022-09-03T02:51:44.748Z] fatal: not a git repository (or any parent up to mount point /)
Stopping at filesystem boundary (GIT_DISCOVERY_ACROSS_FILESYSTEM not set).
[2022-09-03T02:51:44.758Z] > git rev-parse --show-toplevel [1ms]
[2022-09-03T02:51:44.758Z] fatal: not a git repository (or any parent up to mount point /)
Stopping at filesystem boundary (GIT_DISCOVERY_ACROSS_FILESYSTEM not set).
[2022-09-03T02:51:44.864Z] > git status -z -uall [309ms]
[2022-09-03T02:51:44.872Z] > git symbolic-ref --short HEAD [1ms]
[2022-09-03T02:51:44.880Z] > git for-each-ref --format=%(refname)%00%(upstream:short)%00%(objectname)%00%(upstream:track)%00%(upstream:remotename)%00%(upstream:remoteref) refs/heads/master refs/remotes/master [3ms]
[2022-09-03T02:51:44.892Z] > git remote --verbose [3ms]
[2022-09-03T02:51:44.892Z] > git for-each-ref --sort -committerdate --format %(refname) %(objectname) %(*objectname) [8ms]
[2022-09-03T02:51:44.903Z] > git config --get commit.template [2ms]
[2022-09-03T02:51:44.972Z] > git show --textconv :rc.lua.save1 [16ms]
[2022-09-03T02:51:44.972Z] > git show --textconv :themes/powerarrow/theme.lua [10ms]
[2022-09-03T02:51:44.972Z] > git ls-files --stage -- /home/gabriel/.config/awesome/rc.lua.save1 [6ms]
[2022-09-03T02:51:44.974Z] > git ls-files --stage -- /home/gabriel/.config/awesome/themes/powerarrow/theme.lua [3ms]
[2022-09-03T02:51:44.980Z] > git cat-file -s 984c9a8d6fc2386a9b10e048a6902972a1fbe70b [2ms]
[2022-09-03T02:51:45.028Z] > git status -z -uall [118ms]
[2022-09-03T02:51:45.034Z] > git symbolic-ref --short HEAD [1ms]
[2022-09-03T02:51:45.039Z] > git for-each-ref --format=%(refname)%00%(upstream:short)%00%(objectname)%00%(upstream:track)%00%(upstream:remotename)%00%(upstream:remoteref) refs/heads/master refs/remotes/master [1ms]
[2022-09-03T02:51:45.052Z] > git for-each-ref --sort -committerdate --format %(refname) %(objectname) %(*objectname) [7ms]
[2022-09-03T02:51:45.053Z] > git remote --verbose [2ms]
[2022-09-03T02:51:45.061Z] > git config --get commit.template [1ms]
[2022-09-03T02:51:45.117Z] > git check-ignore -v -z --stdin [2ms]
[2022-09-03T02:51:45.177Z] > git rev-parse --show-toplevel [11ms]
[2022-09-03T02:51:45.177Z] fatal: not a git repository (or any parent up to mount point /)
Stopping at filesystem boundary (GIT_DISCOVERY_ACROSS_FILESYSTEM not set).
[2022-09-03T02:51:45.571Z] > git rev-parse --show-toplevel [4ms]
[2022-09-03T02:51:45.588Z] > git rev-parse --git-dir --git-common-dir [3ms]
[2022-09-03T02:51:45.593Z] [info] Open repository: /home/gabriel/.config/awesome/lain
[2022-09-03T02:51:45.606Z] > git rev-parse --show-toplevel [1ms]
[2022-09-03T02:51:45.611Z] > git status -z -uall [12ms]
[2022-09-03T02:51:45.617Z] > git rev-parse --git-dir --git-common-dir [7ms]
[2022-09-03T02:51:45.620Z] [info] Open repository: /home/gabriel/.config/awesome/freedesktop
[2022-09-03T02:51:45.628Z] > git symbolic-ref --short HEAD [11ms]
[2022-09-03T02:51:45.628Z] fatal: ref HEAD is not a symbolic ref
[2022-09-03T02:51:45.635Z] > git status -z -uall [9ms]
[2022-09-03T02:51:45.642Z] > git rev-parse HEAD [8ms]
[2022-09-03T02:51:45.653Z] > git for-each-ref --sort -committerdate --format %(refname) %(objectname) %(*objectname) [6ms]
[2022-09-03T02:51:45.654Z] > git symbolic-ref --short HEAD [13ms]
[2022-09-03T02:51:45.654Z] fatal: ref HEAD is not a symbolic ref
[2022-09-03T02:51:45.658Z] > git remote --verbose [6ms]
[2022-09-03T02:51:45.666Z] > git rev-parse HEAD [8ms]
[2022-09-03T02:51:45.676Z] > git for-each-ref --sort -committerdate --format %(refname) %(objectname) %(*objectname) [6ms]
[2022-09-03T02:51:45.676Z] > git config --get commit.template [11ms]
[2022-09-03T02:51:45.677Z] > git remote --verbose [3ms]
[2022-09-03T02:51:45.683Z] > git config --get commit.template [1ms]
[2022-09-03T02:51:46.146Z] > git check-ignore -v -z --stdin [8ms]
[2022-09-03T02:51:46.147Z] > git check-ignore -v -z --stdin [2ms]
[2022-09-03T02:51:46.165Z] > git rev-parse --show-toplevel [1ms]
[2022-09-03T02:51:46.170Z] > git rev-parse --git-dir --git-common-dir [1ms]
[2022-09-03T02:51:46.173Z] [info] Open repository: /home/gabriel/.config/awesome/lain/wiki
[2022-09-03T02:51:46.180Z] > git status -z -uall [2ms]
[2022-09-03T02:51:46.187Z] > git symbolic-ref --short HEAD [2ms]
[2022-09-03T02:51:46.187Z] fatal: ref HEAD is not a symbolic ref
[2022-09-03T02:51:46.192Z] > git rev-parse HEAD [1ms]
[2022-09-03T02:51:46.202Z] > git for-each-ref --sort -committerdate --format %(refname) %(objectname) %(*objectname) [6ms]
[2022-09-03T02:51:46.203Z] > git remote --verbose [2ms]
[2022-09-03T02:51:46.209Z] > git config --get commit.template [0ms]
[2022-09-03T02:51:46.717Z] > git check-ignore -v -z --stdin [10ms]
[2022-09-03T02:51:46.718Z] > git check-ignore -v -z --stdin [2ms]
[2022-09-03T02:51:53.495Z] > git show --textconv :rc.lua [17ms]
[2022-09-03T02:51:53.496Z] > git ls-files --stage -- /home/gabriel/.config/awesome/rc.lua [3ms]
[2022-09-03T02:52:39.063Z] > git status -z -uall [99ms]
[2022-09-03T02:52:39.067Z] > git symbolic-ref --short HEAD [1ms]
[2022-09-03T02:52:39.072Z] > git for-each-ref --format=%(refname)%00%(upstream:short)%00%(objectname)%00%(upstream:track)%00%(upstream:remotename)%00%(upstream:remoteref) refs/heads/master refs/remotes/master [1ms]
[2022-09-03T02:52:39.080Z] > git for-each-ref --sort -committerdate --format %(refname) %(objectname) %(*objectname) [4ms]
[2022-09-03T02:52:39.081Z] > git remote --verbose [1ms]
[2022-09-03T02:52:39.088Z] > git config --get commit.template [1ms]
[2022-09-03T03:02:33.650Z] > git status -z -uall [104ms]
[2022-09-03T03:02:33.655Z] > git symbolic-ref --short HEAD [1ms]
[2022-09-03T03:02:33.660Z] > git for-each-ref --format=%(refname)%00%(upstream:short)%00%(objectname)%00%(upstream:track)%00%(upstream:remotename)%00%(upstream:remoteref) refs/heads/master refs/remotes/master [2ms]
[2022-09-03T03:02:33.668Z] > git for-each-ref --sort -committerdate --format %(refname) %(objectname) %(*objectname) [4ms]
[2022-09-03T03:02:33.668Z] > git remote --verbose [1ms]
[2022-09-03T03:02:33.675Z] > git config --get commit.template [1ms]
[2022-09-03T03:04:07.647Z] > git status -z -uall [90ms]
[2022-09-03T03:04:07.652Z] > git symbolic-ref --short HEAD [1ms]
[2022-09-03T03:04:07.657Z] > git for-each-ref --format=%(refname)%00%(upstream:short)%00%(objectname)%00%(upstream:track)%00%(upstream:remotename)%00%(upstream:remoteref) refs/heads/master refs/remotes/master [1ms]
[2022-09-03T03:04:07.665Z] > git for-each-ref --sort -committerdate --format %(refname) %(objectname) %(*objectname) [4ms]
[2022-09-03T03:04:07.665Z] > git remote --verbose [1ms]
[2022-09-03T03:04:07.673Z] > git config --get commit.template [1ms]
[2022-09-03T03:05:20.961Z] > git status -z -uall [97ms]
[2022-09-03T03:05:20.966Z] > git symbolic-ref --short HEAD [2ms]
[2022-09-03T03:05:20.970Z] > git for-each-ref --format=%(refname)%00%(upstream:short)%00%(objectname)%00%(upstream:track)%00%(upstream:remotename)%00%(upstream:remoteref) refs/heads/master refs/remotes/master [1ms]
[2022-09-03T03:05:20.979Z] > git for-each-ref --sort -committerdate --format %(refname) %(objectname) %(*objectname) [5ms]
[2022-09-03T03:05:20.979Z] > git remote --verbose [1ms]
[2022-09-03T03:05:20.986Z] > git config --get commit.template [1ms]
[2022-09-03T03:06:10.748Z] > git status -z -uall [106ms]
[2022-09-03T03:06:10.753Z] > git symbolic-ref --short HEAD [1ms]
[2022-09-03T03:06:10.759Z] > git for-each-ref --format=%(refname)%00%(upstream:short)%00%(objectname)%00%(upstream:track)%00%(upstream:remotename)%00%(upstream:remoteref) refs/heads/master refs/remotes/master [2ms]
[2022-09-03T03:06:10.768Z] > git for-each-ref --sort -committerdate --format %(refname) %(objectname) %(*objectname) [5ms]
[2022-09-03T03:06:10.768Z] > git remote --verbose [1ms]
[2022-09-03T03:06:10.776Z] > git config --get commit.template [1ms]
[2022-09-03T03:06:15.894Z] > git status -z -uall [104ms]
[2022-09-03T03:06:15.899Z] > git symbolic-ref --short HEAD [1ms]
[2022-09-03T03:06:15.905Z] > git for-each-ref --format=%(refname)%00%(upstream:short)%00%(objectname)%00%(upstream:track)%00%(upstream:remotename)%00%(upstream:remoteref) refs/heads/master refs/remotes/master [2ms]
[2022-09-03T03:06:15.913Z] > git for-each-ref --sort -committerdate --format %(refname) %(objectname) %(*objectname) [5ms]
[2022-09-03T03:06:15.913Z] > git remote --verbose [1ms]
[2022-09-03T03:06:15.921Z] > git config --get commit.template [2ms]
[2022-09-03T03:06:46.799Z] > git status -z -uall [107ms]
[2022-09-03T03:06:46.804Z] > git symbolic-ref --short HEAD [1ms]
[2022-09-03T03:06:46.809Z] > git for-each-ref --format=%(refname)%00%(upstream:short)%00%(objectname)%00%(upstream:track)%00%(upstream:remotename)%00%(upstream:remoteref) refs/heads/master refs/remotes/master [2ms]
[2022-09-03T03:06:46.817Z] > git for-each-ref --sort -committerdate --format %(refname) %(objectname) %(*objectname) [5ms]
[2022-09-03T03:06:46.817Z] > git remote --verbose [1ms]
[2022-09-03T03:06:46.824Z] > git config --get commit.template [1ms]
[2022-09-03T03:07:24.336Z] > git status -z -uall [101ms]
[2022-09-03T03:07:24.341Z] > git symbolic-ref --short HEAD [1ms]
[2022-09-03T03:07:24.346Z] > git for-each-ref --format=%(refname)%00%(upstream:short)%00%(objectname)%00%(upstream:track)%00%(upstream:remotename)%00%(upstream:remoteref) refs/heads/master refs/remotes/master [2ms]
[2022-09-03T03:07:24.354Z] > git for-each-ref --sort -committerdate --format %(refname) %(objectname) %(*objectname) [5ms]
[2022-09-03T03:07:24.354Z] > git remote --verbose [1ms]
[2022-09-03T03:07:24.361Z] > git config --get commit.template [1ms]
[2022-09-03T03:08:40.621Z] > git status -z -uall [106ms]
[2022-09-03T03:08:40.626Z] > git symbolic-ref --short HEAD [1ms]
[2022-09-03T03:08:40.631Z] > git for-each-ref --format=%(refname)%00%(upstream:short)%00%(objectname)%00%(upstream:track)%00%(upstream:remotename)%00%(upstream:remoteref) refs/heads/master refs/remotes/master [1ms]
[2022-09-03T03:08:40.640Z] > git for-each-ref --sort -committerdate --format %(refname) %(objectname) %(*objectname) [5ms]
[2022-09-03T03:08:40.640Z] > git remote --verbose [1ms]
[2022-09-03T03:08:40.647Z] > git config --get commit.template [1ms]
[2022-09-03T03:09:13.787Z] > git status -z -uall [84ms]
[2022-09-03T03:09:13.792Z] > git symbolic-ref --short HEAD [1ms]
[2022-09-03T03:09:13.797Z] > git for-each-ref --format=%(refname)%00%(upstream:short)%00%(objectname)%00%(upstream:track)%00%(upstream:remotename)%00%(upstream:remoteref) refs/heads/master refs/remotes/master [1ms]
[2022-09-03T03:09:13.806Z] > git for-each-ref --sort -committerdate --format %(refname) %(objectname) %(*objectname) [5ms]
[2022-09-03T03:09:13.807Z] > git remote --verbose [2ms]
[2022-09-03T03:09:13.813Z] > git config --get commit.template [1ms]
[2022-09-03T03:09:30.058Z] > git status -z -uall [106ms]
[2022-09-03T03:09:30.063Z] > git symbolic-ref --short HEAD [1ms]
[2022-09-03T03:09:30.068Z] > git for-each-ref --format=%(refname)%00%(upstream:short)%00%(objectname)%00%(upstream:track)%00%(upstream:remotename)%00%(upstream:remoteref) refs/heads/master refs/remotes/master [1ms]
[2022-09-03T03:09:30.077Z] > git for-each-ref --sort -committerdate --format %(refname) %(objectname) %(*objectname) [5ms]
[2022-09-03T03:09:30.078Z] > git remote --verbose [2ms]
[2022-09-03T03:09:30.084Z] > git config --get commit.template [1ms]
[2022-09-03T03:09:48.539Z] > git status -z -uall [120ms]
[2022-09-03T03:09:48.544Z] > git symbolic-ref --short HEAD [1ms]
[2022-09-03T03:09:48.550Z] > git for-each-ref --format=%(refname)%00%(upstream:short)%00%(objectname)%00%(upstream:track)%00%(upstream:remotename)%00%(upstream:remoteref) refs/heads/master refs/remotes/master [1ms]
[2022-09-03T03:09:48.559Z] > git for-each-ref --sort -committerdate --format %(refname) %(objectname) %(*objectname) [5ms]
[2022-09-03T03:09:48.560Z] > git remote --verbose [2ms]
[2022-09-03T03:09:48.566Z] > git config --get commit.template [1ms]
[2022-09-03T03:09:59.025Z] > git status -z -uall [86ms]
[2022-09-03T03:09:59.031Z] > git symbolic-ref --short HEAD [2ms]
[2022-09-03T03:09:59.038Z] > git for-each-ref --format=%(refname)%00%(upstream:short)%00%(objectname)%00%(upstream:track)%00%(upstream:remotename)%00%(upstream:remoteref) refs/heads/master refs/remotes/master [2ms]
[2022-09-03T03:09:59.050Z] > git for-each-ref --sort -committerdate --format %(refname) %(objectname) %(*objectname) [6ms]
[2022-09-03T03:09:59.050Z] > git remote --verbose [1ms]
[2022-09-03T03:09:59.062Z] > git config --get commit.template [2ms]
[2022-09-03T03:10:40.652Z] > git status -z -uall [103ms]
[2022-09-03T03:10:40.657Z] > git symbolic-ref --short HEAD [1ms]
[2022-09-03T03:10:40.661Z] > git for-each-ref --format=%(refname)%00%(upstream:short)%00%(objectname)%00%(upstream:track)%00%(upstream:remotename)%00%(upstream:remoteref) refs/heads/master refs/remotes/master [1ms]
[2022-09-03T03:10:40.670Z] > git for-each-ref --sort -committerdate --format %(refname) %(objectname) %(*objectname) [4ms]
[2022-09-03T03:10:40.670Z] > git remote --verbose [1ms]
[2022-09-03T03:10:40.676Z] > git config --get commit.template [0ms]
[2022-09-03T03:12:05.942Z] > git status -z -uall [98ms]
[2022-09-03T03:12:05.947Z] > git symbolic-ref --short HEAD [1ms]
[2022-09-03T03:12:05.952Z] > git for-each-ref --format=%(refname)%00%(upstream:short)%00%(objectname)%00%(upstream:track)%00%(upstream:remotename)%00%(upstream:remoteref) refs/heads/master refs/remotes/master [1ms]
[2022-09-03T03:12:05.960Z] > git for-each-ref --sort -committerdate --format %(refname) %(objectname) %(*objectname) [4ms]
[2022-09-03T03:12:05.960Z] > git remote --verbose [1ms]
[2022-09-03T03:12:05.967Z] > git config --get commit.template [1ms]
[2022-09-03T03:15:02.808Z] > git status -z -uall [105ms]
[2022-09-03T03:15:02.813Z] > git symbolic-ref --short HEAD [1ms]
[2022-09-03T03:15:02.819Z] > git for-each-ref --format=%(refname)%00%(upstream:short)%00%(objectname)%00%(upstream:track)%00%(upstream:remotename)%00%(upstream:remoteref) refs/heads/master refs/remotes/master [1ms]
[2022-09-03T03:15:02.829Z] > git for-each-ref --sort -committerdate --format %(refname) %(objectname) %(*objectname) [6ms]
[2022-09-03T03:15:02.830Z] > git remote --verbose [2ms]
[2022-09-03T03:15:02.837Z] > git config --get commit.template [1ms]
[2022-09-03T03:16:35.045Z] > git status -z -uall [103ms]
[2022-09-03T03:16:35.050Z] > git symbolic-ref --short HEAD [1ms]
[2022-09-03T03:16:35.056Z] > git for-each-ref --format=%(refname)%00%(upstream:short)%00%(objectname)%00%(upstream:track)%00%(upstream:remotename)%00%(upstream:remoteref) refs/heads/master refs/remotes/master [2ms]
[2022-09-03T03:16:35.064Z] > git for-each-ref --sort -committerdate --format %(refname) %(objectname) %(*objectname) [4ms]
[2022-09-03T03:16:35.064Z] > git remote --verbose [1ms]
[2022-09-03T03:16:35.070Z] > git config --get commit.template [1ms]
[2022-09-03T03:17:09.860Z] > git status -z -uall [98ms]
[2022-09-03T03:17:09.865Z] > git symbolic-ref --short HEAD [1ms]
[2022-09-03T03:17:09.870Z] > git for-each-ref --format=%(refname)%00%(upstream:short)%00%(objectname)%00%(upstream:track)%00%(upstream:remotename)%00%(upstream:remoteref) refs/heads/master refs/remotes/master [1ms]
[2022-09-03T03:17:09.878Z] > git for-each-ref --sort -committerdate --format %(refname) %(objectname) %(*objectname) [4ms]
[2022-09-03T03:17:09.878Z] > git remote --verbose [1ms]
[2022-09-03T03:17:09.884Z] > git config --get commit.template [1ms]
[2022-09-03T03:17:31.405Z] > git status -z -uall [89ms]
[2022-09-03T03:17:31.410Z] > git symbolic-ref --short HEAD [1ms]
[2022-09-03T03:17:31.415Z] > git for-each-ref --format=%(refname)%00%(upstream:short)%00%(objectname)%00%(upstream:track)%00%(upstream:remotename)%00%(upstream:remoteref) refs/heads/master refs/remotes/master [1ms]
[2022-09-03T03:17:31.423Z] > git for-each-ref --sort -committerdate --format %(refname) %(objectname) %(*objectname) [4ms]
[2022-09-03T03:17:31.423Z] > git remote --verbose [1ms]
[2022-09-03T03:17:31.430Z] > git config --get commit.template [0ms]
[2022-09-03T03:18:11.701Z] > git status -z -uall [84ms]
[2022-09-03T03:18:11.706Z] > git symbolic-ref --short HEAD [1ms]
[2022-09-03T03:18:11.712Z] > git for-each-ref --format=%(refname)%00%(upstream:short)%00%(objectname)%00%(upstream:track)%00%(upstream:remotename)%00%(upstream:remoteref) refs/heads/master refs/remotes/master [2ms]
[2022-09-03T03:18:11.720Z] > git for-each-ref --sort -committerdate --format %(refname) %(objectname) %(*objectname) [4ms]
[2022-09-03T03:18:11.720Z] > git remote --verbose [0ms]
[2022-09-03T03:18:11.727Z] > git config --get commit.template [1ms]
[2022-09-03T03:29:14.113Z] > git status -z -uall [100ms]
[2022-09-03T03:29:14.118Z] > git symbolic-ref --short HEAD [1ms]
[2022-09-03T03:29:14.124Z] > git for-each-ref --format=%(refname)%00%(upstream:short)%00%(objectname)%00%(upstream:track)%00%(upstream:remotename)%00%(upstream:remoteref) refs/heads/master refs/remotes/master [2ms]
[2022-09-03T03:29:14.133Z] > git for-each-ref --sort -committerdate --format %(refname) %(objectname) %(*objectname) [5ms]
[2022-09-03T03:29:14.133Z] > git remote --verbose [1ms]
[2022-09-03T03:29:14.140Z] > git config --get commit.template [1ms]
[2022-09-03T03:29:31.073Z] > git status -z -uall [106ms]
[2022-09-03T03:29:31.078Z] > git symbolic-ref --short HEAD [1ms]
[2022-09-03T03:29:31.084Z] > git for-each-ref --format=%(refname)%00%(upstream:short)%00%(objectname)%00%(upstream:track)%00%(upstream:remotename)%00%(upstream:remoteref) refs/heads/master refs/remotes/master [2ms]
[2022-09-03T03:29:31.091Z] > git for-each-ref --sort -committerdate --format %(refname) %(objectname) %(*objectname) [4ms]
[2022-09-03T03:29:31.092Z] > git remote --verbose [1ms]
[2022-09-03T03:29:31.098Z] > git config --get commit.template [1ms]
[2022-09-03T03:30:00.429Z] > git status -z -uall [94ms]
[2022-09-03T03:30:00.434Z] > git symbolic-ref --short HEAD [1ms]
[2022-09-03T03:30:00.439Z] > git for-each-ref --format=%(refname)%00%(upstream:short)%00%(objectname)%00%(upstream:track)%00%(upstream:remotename)%00%(upstream:remoteref) refs/heads/master refs/remotes/master [1ms]
[2022-09-03T03:30:00.447Z] > git for-each-ref --sort -committerdate --format %(refname) %(objectname) %(*objectname) [5ms]
[2022-09-03T03:30:00.447Z] > git remote --verbose [1ms]
[2022-09-03T03:30:00.453Z] > git config --get commit.template [1ms]
[2022-09-03T03:31:14.076Z] > git status -z -uall [107ms]
[2022-09-03T03:31:14.081Z] > git symbolic-ref --short HEAD [1ms]
[2022-09-03T03:31:14.086Z] > git for-each-ref --format=%(refname)%00%(upstream:short)%00%(objectname)%00%(upstream:track)%00%(upstream:remotename)%00%(upstream:remoteref) refs/heads/master refs/remotes/master [2ms]
[2022-09-03T03:31:14.094Z] > git for-each-ref --sort -committerdate --format %(refname) %(objectname) %(*objectname) [5ms]
[2022-09-03T03:31:14.094Z] > git remote --verbose [1ms]
[2022-09-03T03:31:14.100Z] > git config --get commit.template [1ms]
