[2022-09-01T16:45:43.149Z] Log level: Info
[2022-09-01T16:45:43.150Z] [info] Validating found git in: git
[2022-09-01T16:45:43.165Z] [info] Using git 2.37.3 from git
[2022-09-01T16:45:43.185Z] > git rev-parse --show-toplevel [7ms]
[2022-09-01T16:45:43.185Z] fatal: not a git repository (or any parent up to mount point /)
Stopping at filesystem boundary (GIT_DISCOVERY_ACROSS_FILESYSTEM not set).
[2022-09-01T16:45:43.196Z] > git rev-parse --show-toplevel [1ms]
[2022-09-01T16:45:43.205Z] > git rev-parse --git-dir --git-common-dir [2ms]
[2022-09-01T16:45:43.210Z] [info] Open repository: /home/gabriel/.config/awesome
[2022-09-01T16:45:43.270Z] > git rev-parse --show-toplevel [43ms]
[2022-09-01T16:45:43.270Z] fatal: not a git repository (or any parent up to mount point /)
Stopping at filesystem boundary (GIT_DISCOVERY_ACROSS_FILESYSTEM not set).
[2022-09-01T16:45:43.287Z] > git rev-parse --show-toplevel [12ms]
[2022-09-01T16:45:43.287Z] fatal: not a git repository (or any parent up to mount point /)
Stopping at filesystem boundary (GIT_DISCOVERY_ACROSS_FILESYSTEM not set).
[2022-09-01T16:45:43.295Z] > git rev-parse --show-toplevel [1ms]
[2022-09-01T16:45:43.295Z] fatal: not a git repository (or any parent up to mount point /)
Stopping at filesystem boundary (GIT_DISCOVERY_ACROSS_FILESYSTEM not set).
[2022-09-01T16:45:43.309Z] > git rev-parse --show-toplevel [1ms]
[2022-09-01T16:45:43.309Z] fatal: not a git repository (or any parent up to mount point /)
Stopping at filesystem boundary (GIT_DISCOVERY_ACROSS_FILESYSTEM not set).
[2022-09-01T16:45:43.328Z] > git rev-parse --show-toplevel [7ms]
[2022-09-01T16:45:43.328Z] fatal: not a git repository (or any parent up to mount point /)
Stopping at filesystem boundary (GIT_DISCOVERY_ACROSS_FILESYSTEM not set).
[2022-09-01T16:45:43.336Z] > git rev-parse --show-toplevel [1ms]
[2022-09-01T16:45:43.336Z] fatal: not a git repository (or any parent up to mount point /)
Stopping at filesystem boundary (GIT_DISCOVERY_ACROSS_FILESYSTEM not set).
[2022-09-01T16:45:43.344Z] > git rev-parse --show-toplevel [2ms]
[2022-09-01T16:45:43.344Z] fatal: not a git repository (or any parent up to mount point /)
Stopping at filesystem boundary (GIT_DISCOVERY_ACROSS_FILESYSTEM not set).
[2022-09-01T16:45:43.352Z] > git rev-parse --show-toplevel [1ms]
[2022-09-01T16:45:43.352Z] fatal: not a git repository (or any parent up to mount point /)
Stopping at filesystem boundary (GIT_DISCOVERY_ACROSS_FILESYSTEM not set).
[2022-09-01T16:45:43.361Z] > git rev-parse --show-toplevel [2ms]
[2022-09-01T16:45:43.361Z] fatal: not a git repository (or any parent up to mount point /)
Stopping at filesystem boundary (GIT_DISCOVERY_ACROSS_FILESYSTEM not set).
[2022-09-01T16:45:43.371Z] > git status -z -uall [151ms]
[2022-09-01T16:45:43.377Z] > git rev-parse --show-toplevel [6ms]
[2022-09-01T16:45:43.377Z] fatal: not a git repository (or any parent up to mount point /)
Stopping at filesystem boundary (GIT_DISCOVERY_ACROSS_FILESYSTEM not set).
[2022-09-01T16:45:43.384Z] > git symbolic-ref --short HEAD [7ms]
[2022-09-01T16:45:43.390Z] > git rev-parse --show-toplevel [6ms]
[2022-09-01T16:45:43.390Z] fatal: not a git repository (or any parent up to mount point /)
Stopping at filesystem boundary (GIT_DISCOVERY_ACROSS_FILESYSTEM not set).
[2022-09-01T16:45:43.398Z] > git for-each-ref --format=%(refname)%00%(upstream:short)%00%(objectname)%00%(upstream:track)%00%(upstream:remotename)%00%(upstream:remoteref) refs/heads/master refs/remotes/master [9ms]
[2022-09-01T16:45:43.416Z] > git remote --verbose [4ms]
[2022-09-01T16:45:43.417Z] > git for-each-ref --sort -committerdate --format %(refname) %(objectname) %(*objectname) [12ms]
[2022-09-01T16:45:43.417Z] > git rev-parse --show-toplevel [20ms]
[2022-09-01T16:45:43.417Z] fatal: not a git repository (or any parent up to mount point /)
Stopping at filesystem boundary (GIT_DISCOVERY_ACROSS_FILESYSTEM not set).
[2022-09-01T16:45:43.437Z] > git rev-parse --show-toplevel [13ms]
[2022-09-01T16:45:43.437Z] fatal: not a git repository (or any parent up to mount point /)
Stopping at filesystem boundary (GIT_DISCOVERY_ACROSS_FILESYSTEM not set).
[2022-09-01T16:45:43.443Z] > git config --get commit.template [7ms]
[2022-09-01T16:45:43.454Z] > git rev-parse --show-toplevel [11ms]
[2022-09-01T16:45:43.454Z] fatal: not a git repository (or any parent up to mount point /)
Stopping at filesystem boundary (GIT_DISCOVERY_ACROSS_FILESYSTEM not set).
[2022-09-01T16:45:43.547Z] > git status -z -uall [95ms]
[2022-09-01T16:45:43.554Z] > git symbolic-ref --short HEAD [1ms]
[2022-09-01T16:45:43.562Z] > git for-each-ref --format=%(refname)%00%(upstream:short)%00%(objectname)%00%(upstream:track)%00%(upstream:remotename)%00%(upstream:remoteref) refs/heads/master refs/remotes/master [2ms]
[2022-09-01T16:45:43.574Z] > git for-each-ref --sort -committerdate --format %(refname) %(objectname) %(*objectname) [6ms]
[2022-09-01T16:45:43.574Z] > git remote --verbose [1ms]
[2022-09-01T16:45:43.585Z] > git config --get commit.template [2ms]
[2022-09-01T16:45:43.734Z] > git rev-parse --show-toplevel [1ms]
[2022-09-01T16:45:43.735Z] fatal: not a git repository (or any parent up to mount point /)
Stopping at filesystem boundary (GIT_DISCOVERY_ACROSS_FILESYSTEM not set).
[2022-09-01T16:45:43.774Z] > git check-ignore -v -z --stdin [1ms]
[2022-09-01T16:45:43.983Z] > git show --textconv :rc.lua.save1 [41ms]
[2022-09-01T16:45:43.984Z] > git show --textconv :rc.lua [29ms]
[2022-09-01T16:45:43.984Z] > git ls-files --stage -- /home/gabriel/.config/awesome/rc.lua.save1 [16ms]
[2022-09-01T16:45:43.988Z] > git ls-files --stage -- /home/gabriel/.config/awesome/rc.lua [8ms]
[2022-09-01T16:45:44.102Z] > git rev-parse --show-toplevel [12ms]
[2022-09-01T16:45:44.117Z] > git rev-parse --git-dir --git-common-dir [2ms]
[2022-09-01T16:45:44.120Z] [info] Open repository: /home/gabriel/.config/awesome/lain
[2022-09-01T16:45:44.135Z] > git rev-parse --show-toplevel [1ms]
[2022-09-01T16:45:44.142Z] > git status -z -uall [15ms]
[2022-09-01T16:45:44.149Z] > git rev-parse --git-dir --git-common-dir [8ms]
[2022-09-01T16:45:44.152Z] [info] Open repository: /home/gabriel/.config/awesome/freedesktop
[2022-09-01T16:45:44.158Z] > git symbolic-ref --short HEAD [11ms]
[2022-09-01T16:45:44.158Z] fatal: ref HEAD is not a symbolic ref
[2022-09-01T16:45:44.164Z] > git status -z -uall [7ms]
[2022-09-01T16:45:44.170Z] > git rev-parse HEAD [7ms]
[2022-09-01T16:45:44.182Z] > git for-each-ref --sort -committerdate --format %(refname) %(objectname) %(*objectname) [7ms]
[2022-09-01T16:45:44.182Z] > git symbolic-ref --short HEAD [13ms]
[2022-09-01T16:45:44.182Z] fatal: ref HEAD is not a symbolic ref
[2022-09-01T16:45:44.187Z] > git remote --verbose [8ms]
[2022-09-01T16:45:44.190Z] > git rev-parse HEAD [3ms]
[2022-09-01T16:45:44.204Z] > git for-each-ref --sort -committerdate --format %(refname) %(objectname) %(*objectname) [10ms]
[2022-09-01T16:45:44.205Z] > git config --get commit.template [1ms]
[2022-09-01T16:45:44.206Z] > git remote --verbose [8ms]
[2022-09-01T16:45:44.212Z] > git config --get commit.template [1ms]
[2022-09-01T16:45:44.702Z] > git check-ignore -v -z --stdin [16ms]
[2022-09-01T16:45:44.702Z] > git check-ignore -v -z --stdin [11ms]
[2022-09-01T16:45:44.703Z] > git check-ignore -v -z --stdin [8ms]
[2022-09-01T16:45:44.703Z] > git rev-parse --show-toplevel [2ms]
[2022-09-01T16:45:44.709Z] > git rev-parse --git-dir --git-common-dir [1ms]
[2022-09-01T16:45:44.711Z] [info] Open repository: /home/gabriel/.config/awesome/lain/wiki
[2022-09-01T16:45:44.720Z] > git status -z -uall [3ms]
[2022-09-01T16:45:44.727Z] > git symbolic-ref --short HEAD [2ms]
[2022-09-01T16:45:44.727Z] fatal: ref HEAD is not a symbolic ref
[2022-09-01T16:45:44.734Z] > git rev-parse HEAD [1ms]
[2022-09-01T16:45:44.745Z] > git for-each-ref --sort -committerdate --format %(refname) %(objectname) %(*objectname) [6ms]
[2022-09-01T16:45:44.745Z] > git remote --verbose [1ms]
[2022-09-01T16:45:44.753Z] > git config --get commit.template [1ms]
[2022-09-01T16:45:45.243Z] > git check-ignore -v -z --stdin [12ms]
[2022-09-01T16:45:45.244Z] > git check-ignore -v -z --stdin [7ms]
[2022-09-01T16:45:45.244Z] > git check-ignore -v -z --stdin [2ms]
[2022-09-01T16:46:39.639Z] > git status -z -uall [111ms]
[2022-09-01T16:46:39.646Z] > git symbolic-ref --short HEAD [1ms]
[2022-09-01T16:46:39.652Z] > git for-each-ref --format=%(refname)%00%(upstream:short)%00%(objectname)%00%(upstream:track)%00%(upstream:remotename)%00%(upstream:remoteref) refs/heads/master refs/remotes/master [1ms]
[2022-09-01T16:46:39.661Z] > git for-each-ref --sort -committerdate --format %(refname) %(objectname) %(*objectname) [5ms]
[2022-09-01T16:46:39.662Z] > git remote --verbose [3ms]
[2022-09-01T16:46:39.670Z] > git config --get commit.template [1ms]
[2022-09-01T16:52:41.944Z] > git status -z -uall [88ms]
[2022-09-01T16:52:41.950Z] > git symbolic-ref --short HEAD [2ms]
[2022-09-01T16:52:41.955Z] > git for-each-ref --format=%(refname)%00%(upstream:short)%00%(objectname)%00%(upstream:track)%00%(upstream:remotename)%00%(upstream:remoteref) refs/heads/master refs/remotes/master [1ms]
[2022-09-01T16:52:41.965Z] > git for-each-ref --sort -committerdate --format %(refname) %(objectname) %(*objectname) [5ms]
[2022-09-01T16:52:41.965Z] > git remote --verbose [1ms]
[2022-09-01T16:52:41.972Z] > git config --get commit.template [1ms]
[2022-09-01T16:53:52.080Z] > git status -z -uall [84ms]
[2022-09-01T16:53:52.085Z] > git symbolic-ref --short HEAD [1ms]
[2022-09-01T16:53:52.090Z] > git for-each-ref --format=%(refname)%00%(upstream:short)%00%(objectname)%00%(upstream:track)%00%(upstream:remotename)%00%(upstream:remoteref) refs/heads/master refs/remotes/master [1ms]
[2022-09-01T16:53:52.099Z] > git for-each-ref --sort -committerdate --format %(refname) %(objectname) %(*objectname) [4ms]
[2022-09-01T16:53:52.099Z] > git remote --verbose [1ms]
[2022-09-01T16:53:52.106Z] > git config --get commit.template [1ms]
[2022-09-01T16:55:58.953Z] > git rev-parse --show-toplevel [18ms]
[2022-09-01T16:55:58.953Z] fatal: not a git repository (or any parent up to mount point /)
Stopping at filesystem boundary (GIT_DISCOVERY_ACROSS_FILESYSTEM not set).
[2022-09-01T16:56:03.777Z] > git rev-parse --show-toplevel [2ms]
[2022-09-01T16:56:03.777Z] fatal: not a git repository (or any parent up to mount point /)
Stopping at filesystem boundary (GIT_DISCOVERY_ACROSS_FILESYSTEM not set).
[2022-09-01T16:56:36.686Z] > git rev-parse --show-toplevel [1ms]
[2022-09-01T16:56:36.686Z] fatal: not a git repository (or any of the parent directories): .git
[2022-09-01T16:57:05.764Z] > git show --textconv :rc.lua.save1 [19ms]
[2022-09-01T16:57:05.767Z] > git ls-files --stage -- /home/gabriel/.config/awesome/rc.lua.save1 [5ms]
[2022-09-01T16:58:39.415Z] > git check-ignore -v -z --stdin [4ms]
[2022-09-01T16:58:42.019Z] > git check-ignore -v -z --stdin [4ms]
[2022-09-01T16:58:49.598Z] > git check-ignore -v -z --stdin [2ms]
[2022-09-01T17:05:16.735Z] > git status -z -uall [103ms]
[2022-09-01T17:05:16.741Z] > git symbolic-ref --short HEAD [1ms]
[2022-09-01T17:05:16.748Z] > git for-each-ref --format=%(refname)%00%(upstream:short)%00%(objectname)%00%(upstream:track)%00%(upstream:remotename)%00%(upstream:remoteref) refs/heads/master refs/remotes/master [2ms]
[2022-09-01T17:05:16.759Z] > git for-each-ref --sort -committerdate --format %(refname) %(objectname) %(*objectname) [6ms]
[2022-09-01T17:05:16.760Z] > git remote --verbose [3ms]
[2022-09-01T17:05:16.770Z] > git config --get commit.template [2ms]
[2022-09-01T17:05:25.559Z] > git status -z -uall [113ms]
[2022-09-01T17:05:25.566Z] > git symbolic-ref --short HEAD [1ms]
[2022-09-01T17:05:25.573Z] > git for-each-ref --format=%(refname)%00%(upstream:short)%00%(objectname)%00%(upstream:track)%00%(upstream:remotename)%00%(upstream:remoteref) refs/heads/master refs/remotes/master [2ms]
[2022-09-01T17:05:25.585Z] > git for-each-ref --sort -committerdate --format %(refname) %(objectname) %(*objectname) [7ms]
[2022-09-01T17:05:25.586Z] > git remote --verbose [2ms]
[2022-09-01T17:05:25.596Z] > git config --get commit.template [1ms]
[2022-09-01T17:05:35.318Z] > git status -z -uall [86ms]
[2022-09-01T17:05:35.325Z] > git symbolic-ref --short HEAD [1ms]
[2022-09-01T17:05:35.331Z] > git for-each-ref --format=%(refname)%00%(upstream:short)%00%(objectname)%00%(upstream:track)%00%(upstream:remotename)%00%(upstream:remoteref) refs/heads/master refs/remotes/master [1ms]
[2022-09-01T17:05:35.343Z] > git for-each-ref --sort -committerdate --format %(refname) %(objectname) %(*objectname) [6ms]
[2022-09-01T17:05:35.344Z] > git remote --verbose [2ms]
[2022-09-01T17:05:35.352Z] > git config --get commit.template [1ms]
[2022-09-01T17:05:40.810Z] > git status -z -uall [82ms]
[2022-09-01T17:05:40.816Z] > git symbolic-ref --short HEAD [1ms]
[2022-09-01T17:05:40.822Z] > git for-each-ref --format=%(refname)%00%(upstream:short)%00%(objectname)%00%(upstream:track)%00%(upstream:remotename)%00%(upstream:remoteref) refs/heads/master refs/remotes/master [2ms]
[2022-09-01T17:05:40.831Z] > git for-each-ref --sort -committerdate --format %(refname) %(objectname) %(*objectname) [5ms]
[2022-09-01T17:05:40.831Z] > git remote --verbose [1ms]
[2022-09-01T17:05:40.838Z] > git config --get commit.template [1ms]
[2022-09-01T17:05:54.379Z] > git status -z -uall [92ms]
[2022-09-01T17:05:54.385Z] > git symbolic-ref --short HEAD [1ms]
[2022-09-01T17:05:54.391Z] > git for-each-ref --format=%(refname)%00%(upstream:short)%00%(objectname)%00%(upstream:track)%00%(upstream:remotename)%00%(upstream:remoteref) refs/heads/master refs/remotes/master [1ms]
[2022-09-01T17:05:54.403Z] > git for-each-ref --sort -committerdate --format %(refname) %(objectname) %(*objectname) [5ms]
[2022-09-01T17:05:54.404Z] > git remote --verbose [1ms]
[2022-09-01T17:05:54.413Z] > git config --get commit.template [1ms]
[2022-09-01T17:06:05.683Z] > git status -z -uall [94ms]
[2022-09-01T17:06:05.689Z] > git symbolic-ref --short HEAD [1ms]
[2022-09-01T17:06:05.695Z] > git for-each-ref --format=%(refname)%00%(upstream:short)%00%(objectname)%00%(upstream:track)%00%(upstream:remotename)%00%(upstream:remoteref) refs/heads/master refs/remotes/master [1ms]
[2022-09-01T17:06:05.706Z] > git for-each-ref --sort -committerdate --format %(refname) %(objectname) %(*objectname) [5ms]
[2022-09-01T17:06:05.706Z] > git remote --verbose [1ms]
[2022-09-01T17:06:05.715Z] > git config --get commit.template [1ms]
[2022-09-01T17:06:19.512Z] > git status -z -uall [87ms]
[2022-09-01T17:06:19.520Z] > git symbolic-ref --short HEAD [1ms]
[2022-09-01T17:06:19.527Z] > git for-each-ref --format=%(refname)%00%(upstream:short)%00%(objectname)%00%(upstream:track)%00%(upstream:remotename)%00%(upstream:remoteref) refs/heads/master refs/remotes/master [2ms]
[2022-09-01T17:06:19.538Z] > git for-each-ref --sort -committerdate --format %(refname) %(objectname) %(*objectname) [6ms]
[2022-09-01T17:06:19.538Z] > git remote --verbose [1ms]
[2022-09-01T17:06:19.546Z] > git config --get commit.template [1ms]
[2022-09-01T17:06:27.402Z] > git status -z -uall [89ms]
[2022-09-01T17:06:27.408Z] > git symbolic-ref --short HEAD [1ms]
[2022-09-01T17:06:27.415Z] > git for-each-ref --format=%(refname)%00%(upstream:short)%00%(objectname)%00%(upstream:track)%00%(upstream:remotename)%00%(upstream:remoteref) refs/heads/master refs/remotes/master [2ms]
[2022-09-01T17:06:27.426Z] > git for-each-ref --sort -committerdate --format %(refname) %(objectname) %(*objectname) [6ms]
[2022-09-01T17:06:27.426Z] > git remote --verbose [1ms]
[2022-09-01T17:06:27.435Z] > git config --get commit.template [1ms]
[2022-09-01T17:06:35.133Z] > git status -z -uall [88ms]
[2022-09-01T17:06:35.140Z] > git symbolic-ref --short HEAD [2ms]
[2022-09-01T17:06:35.146Z] > git for-each-ref --format=%(refname)%00%(upstream:short)%00%(objectname)%00%(upstream:track)%00%(upstream:remotename)%00%(upstream:remoteref) refs/heads/master refs/remotes/master [1ms]
[2022-09-01T17:06:35.156Z] > git for-each-ref --sort -committerdate --format %(refname) %(objectname) %(*objectname) [5ms]
[2022-09-01T17:06:35.157Z] > git remote --verbose [2ms]
[2022-09-01T17:06:35.165Z] > git config --get commit.template [1ms]
[2022-09-01T17:12:19.857Z] > git status -z -uall [106ms]
[2022-09-01T17:12:19.863Z] > git symbolic-ref --short HEAD [1ms]
[2022-09-01T17:12:19.868Z] > git for-each-ref --format=%(refname)%00%(upstream:short)%00%(objectname)%00%(upstream:track)%00%(upstream:remotename)%00%(upstream:remoteref) refs/heads/master refs/remotes/master [1ms]
[2022-09-01T17:12:19.878Z] > git for-each-ref --sort -committerdate --format %(refname) %(objectname) %(*objectname) [5ms]
[2022-09-01T17:12:19.878Z] > git remote --verbose [1ms]
[2022-09-01T17:12:19.885Z] > git config --get commit.template [1ms]
[2022-09-01T17:12:39.016Z] > git status -z -uall [87ms]
[2022-09-01T17:12:39.022Z] > git symbolic-ref --short HEAD [1ms]
[2022-09-01T17:12:39.027Z] > git for-each-ref --format=%(refname)%00%(upstream:short)%00%(objectname)%00%(upstream:track)%00%(upstream:remotename)%00%(upstream:remoteref) refs/heads/master refs/remotes/master [1ms]
[2022-09-01T17:12:39.036Z] > git for-each-ref --sort -committerdate --format %(refname) %(objectname) %(*objectname) [5ms]
[2022-09-01T17:12:39.036Z] > git remote --verbose [1ms]
[2022-09-01T17:12:39.044Z] > git config --get commit.template [1ms]
[2022-09-01T17:12:58.290Z] > git status -z -uall [109ms]
[2022-09-01T17:12:58.296Z] > git symbolic-ref --short HEAD [1ms]
[2022-09-01T17:12:58.301Z] > git for-each-ref --format=%(refname)%00%(upstream:short)%00%(objectname)%00%(upstream:track)%00%(upstream:remotename)%00%(upstream:remoteref) refs/heads/master refs/remotes/master [1ms]
[2022-09-01T17:12:58.310Z] > git for-each-ref --sort -committerdate --format %(refname) %(objectname) %(*objectname) [4ms]
[2022-09-01T17:12:58.311Z] > git remote --verbose [1ms]
[2022-09-01T17:12:58.317Z] > git config --get commit.template [0ms]
[2022-09-01T17:13:07.633Z] > git status -z -uall [114ms]
[2022-09-01T17:13:07.639Z] > git symbolic-ref --short HEAD [1ms]
[2022-09-01T17:13:07.644Z] > git for-each-ref --format=%(refname)%00%(upstream:short)%00%(objectname)%00%(upstream:track)%00%(upstream:remotename)%00%(upstream:remoteref) refs/heads/master refs/remotes/master [1ms]
[2022-09-01T17:13:07.653Z] > git for-each-ref --sort -committerdate --format %(refname) %(objectname) %(*objectname) [5ms]
[2022-09-01T17:13:07.654Z] > git remote --verbose [2ms]
[2022-09-01T17:13:07.660Z] > git config --get commit.template [1ms]
[2022-09-01T17:13:16.800Z] > git status -z -uall [89ms]
[2022-09-01T17:13:16.806Z] > git symbolic-ref --short HEAD [1ms]
[2022-09-01T17:13:16.813Z] > git for-each-ref --format=%(refname)%00%(upstream:short)%00%(objectname)%00%(upstream:track)%00%(upstream:remotename)%00%(upstream:remoteref) refs/heads/master refs/remotes/master [2ms]
[2022-09-01T17:13:16.824Z] > git for-each-ref --sort -committerdate --format %(refname) %(objectname) %(*objectname) [7ms]
[2022-09-01T17:13:16.824Z] > git remote --verbose [2ms]
[2022-09-01T17:13:16.834Z] > git config --get commit.template [2ms]
[2022-09-01T17:17:04.482Z] > git status -z -uall [117ms]
[2022-09-01T17:17:04.488Z] > git symbolic-ref --short HEAD [1ms]
[2022-09-01T17:17:04.494Z] > git for-each-ref --format=%(refname)%00%(upstream:short)%00%(objectname)%00%(upstream:track)%00%(upstream:remotename)%00%(upstream:remoteref) refs/heads/master refs/remotes/master [2ms]
[2022-09-01T17:17:04.504Z] > git for-each-ref --sort -committerdate --format %(refname) %(objectname) %(*objectname) [5ms]
[2022-09-01T17:17:04.504Z] > git remote --verbose [1ms]
[2022-09-01T17:17:04.511Z] > git config --get commit.template [1ms]
[2022-09-01T17:17:56.745Z] > git status -z -uall [82ms]
[2022-09-01T17:17:56.752Z] > git symbolic-ref --short HEAD [1ms]
[2022-09-01T17:17:56.757Z] > git for-each-ref --format=%(refname)%00%(upstream:short)%00%(objectname)%00%(upstream:track)%00%(upstream:remotename)%00%(upstream:remoteref) refs/heads/master refs/remotes/master [1ms]
[2022-09-01T17:17:56.768Z] > git for-each-ref --sort -committerdate --format %(refname) %(objectname) %(*objectname) [6ms]
[2022-09-01T17:17:56.769Z] > git remote --verbose [2ms]
[2022-09-01T17:17:56.778Z] > git config --get commit.template [1ms]
[2022-09-01T17:18:15.416Z] > git show --textconv :themes/powerarrow/theme.lua [16ms]
[2022-09-01T17:18:15.419Z] > git ls-files --stage -- /home/gabriel/.config/awesome/themes/powerarrow/theme.lua [5ms]
[2022-09-01T17:18:15.434Z] > git cat-file -s 984c9a8d6fc2386a9b10e048a6902972a1fbe70b [3ms]
[2022-09-01T17:19:53.651Z] > git status -z -uall [97ms]
[2022-09-01T17:19:53.659Z] > git symbolic-ref --short HEAD [3ms]
[2022-09-01T17:19:53.670Z] > git for-each-ref --format=%(refname)%00%(upstream:short)%00%(objectname)%00%(upstream:track)%00%(upstream:remotename)%00%(upstream:remoteref) refs/heads/master refs/remotes/master [2ms]
[2022-09-01T17:19:53.683Z] > git for-each-ref --sort -committerdate --format %(refname) %(objectname) %(*objectname) [7ms]
[2022-09-01T17:19:53.683Z] > git remote --verbose [2ms]
[2022-09-01T17:19:53.693Z] > git config --get commit.template [2ms]
[2022-09-01T17:19:59.814Z] > git status -z -uall [86ms]
[2022-09-01T17:19:59.819Z] > git symbolic-ref --short HEAD [1ms]
[2022-09-01T17:19:59.826Z] > git for-each-ref --format=%(refname)%00%(upstream:short)%00%(objectname)%00%(upstream:track)%00%(upstream:remotename)%00%(upstream:remoteref) refs/heads/master refs/remotes/master [2ms]
[2022-09-01T17:19:59.837Z] > git for-each-ref --sort -committerdate --format %(refname) %(objectname) %(*objectname) [6ms]
[2022-09-01T17:19:59.837Z] > git remote --verbose [1ms]
[2022-09-01T17:19:59.846Z] > git config --get commit.template [1ms]
