[2022-09-03T03:40:32.708Z] Log level: Info
[2022-09-03T03:40:32.709Z] [info] Validating found git in: git
[2022-09-03T03:40:32.740Z] [info] Using git 2.37.3 from git
[2022-09-03T03:40:37.213Z] > git rev-parse --show-toplevel [6ms]
[2022-09-03T03:40:37.213Z] fatal: not a git repository (or any parent up to mount point /)
Stopping at filesystem boundary (GIT_DISCOVERY_ACROSS_FILESYSTEM not set).
[2022-09-03T03:40:50.189Z] > git rev-parse --show-toplevel [3ms]
[2022-09-03T03:40:50.189Z] fatal: not a git repository (or any parent up to mount point /)
Stopping at filesystem boundary (GIT_DISCOVERY_ACROSS_FILESYSTEM not set).
[2022-09-03T03:42:17.118Z] > git rev-parse --show-toplevel [1ms]
[2022-09-03T03:42:17.124Z] > git rev-parse --git-dir --git-common-dir [1ms]
[2022-09-03T03:42:17.131Z] [info] Open repository: /home/gabriel/.config/awesome
[2022-09-03T03:42:17.392Z] > git status -z -uall [253ms]
[2022-09-03T03:42:17.397Z] > git symbolic-ref --short HEAD [1ms]
[2022-09-03T03:42:17.403Z] > git for-each-ref --format=%(refname)%00%(upstream:short)%00%(objectname)%00%(upstream:track)%00%(upstream:remotename)%00%(upstream:remoteref) refs/heads/master refs/remotes/master [2ms]
[2022-09-03T03:42:17.414Z] > git remote --verbose [2ms]
[2022-09-03T03:42:17.414Z] > git for-each-ref --sort -committerdate --format %(refname) %(objectname) %(*objectname) [6ms]
[2022-09-03T03:42:17.423Z] > git config --get commit.template [2ms]
[2022-09-03T03:42:17.509Z] > git status -z -uall [80ms]
[2022-09-03T03:42:17.514Z] > git symbolic-ref --short HEAD [1ms]
[2022-09-03T03:42:17.522Z] > git for-each-ref --format=%(refname)%00%(upstream:short)%00%(objectname)%00%(upstream:track)%00%(upstream:remotename)%00%(upstream:remoteref) refs/heads/master refs/remotes/master [4ms]
[2022-09-03T03:42:17.530Z] > git for-each-ref --sort -committerdate --format %(refname) %(objectname) %(*objectname) [4ms]
[2022-09-03T03:42:17.531Z] > git remote --verbose [2ms]
[2022-09-03T03:42:17.538Z] > git config --get commit.template [1ms]
[2022-09-03T03:42:17.718Z] > git check-ignore -v -z --stdin [5ms]
[2022-09-03T03:42:17.888Z] > git show --textconv :rc.lua [6ms]
[2022-09-03T03:42:17.889Z] > git ls-files --stage -- /home/gabriel/.config/awesome/rc.lua [2ms]
[2022-09-03T03:42:18.049Z] > git rev-parse --show-toplevel [3ms]
[2022-09-03T03:42:18.065Z] > git rev-parse --git-dir --git-common-dir [3ms]
[2022-09-03T03:42:18.073Z] [info] Open repository: /home/gabriel/.config/awesome/lain
[2022-09-03T03:42:18.099Z] > git rev-parse --show-toplevel [2ms]
[2022-09-03T03:42:18.106Z] > git status -z -uall [18ms]
[2022-09-03T03:42:18.113Z] > git rev-parse --git-dir --git-common-dir [8ms]
[2022-09-03T03:42:18.116Z] [info] Open repository: /home/gabriel/.config/awesome/freedesktop
[2022-09-03T03:42:18.122Z] > git symbolic-ref --short HEAD [10ms]
[2022-09-03T03:42:18.122Z] fatal: ref HEAD is not a symbolic ref
[2022-09-03T03:42:18.128Z] > git status -z -uall [7ms]
[2022-09-03T03:42:18.134Z] > git rev-parse HEAD [7ms]
[2022-09-03T03:42:18.143Z] > git for-each-ref --sort -committerdate --format %(refname) %(objectname) %(*objectname) [5ms]
[2022-09-03T03:42:18.144Z] > git symbolic-ref --short HEAD [11ms]
[2022-09-03T03:42:18.144Z] fatal: ref HEAD is not a symbolic ref
[2022-09-03T03:42:18.149Z] > git remote --verbose [7ms]
[2022-09-03T03:42:18.156Z] > git rev-parse HEAD [8ms]
[2022-09-03T03:42:18.166Z] > git for-each-ref --sort -committerdate --format %(refname) %(objectname) %(*objectname) [6ms]
[2022-09-03T03:42:18.166Z] > git config --get commit.template [10ms]
[2022-09-03T03:42:18.166Z] > git remote --verbose [2ms]
[2022-09-03T03:42:18.174Z] > git config --get commit.template [2ms]
[2022-09-03T03:42:18.631Z] > git check-ignore -v -z --stdin [4ms]
[2022-09-03T03:42:18.662Z] > git rev-parse --show-toplevel [2ms]
[2022-09-03T03:42:18.669Z] > git rev-parse --git-dir --git-common-dir [2ms]
[2022-09-03T03:42:18.672Z] [info] Open repository: /home/gabriel/.config/awesome/lain/wiki
[2022-09-03T03:42:18.679Z] > git status -z -uall [2ms]
[2022-09-03T03:42:18.686Z] > git symbolic-ref --short HEAD [1ms]
[2022-09-03T03:42:18.686Z] fatal: ref HEAD is not a symbolic ref
[2022-09-03T03:42:18.692Z] > git rev-parse HEAD [2ms]
[2022-09-03T03:42:18.702Z] > git for-each-ref --sort -committerdate --format %(refname) %(objectname) %(*objectname) [5ms]
[2022-09-03T03:42:18.703Z] > git remote --verbose [2ms]
[2022-09-03T03:42:18.710Z] > git config --get commit.template [1ms]
[2022-09-03T03:42:19.191Z] > git check-ignore -v -z --stdin [1ms]
[2022-09-03T03:52:14.176Z] > git status -z -uall [95ms]
[2022-09-03T03:52:14.181Z] > git symbolic-ref --short HEAD [1ms]
[2022-09-03T03:52:14.186Z] > git for-each-ref --format=%(refname)%00%(upstream:short)%00%(objectname)%00%(upstream:track)%00%(upstream:remotename)%00%(upstream:remoteref) refs/heads/master refs/remotes/master [1ms]
[2022-09-03T03:52:14.195Z] > git for-each-ref --sort -committerdate --format %(refname) %(objectname) %(*objectname) [5ms]
[2022-09-03T03:52:14.195Z] > git remote --verbose [1ms]
[2022-09-03T03:52:14.204Z] > git config --get commit.template [1ms]
[2022-09-03T03:52:29.317Z] > git status -z -uall [86ms]
[2022-09-03T03:52:29.322Z] > git symbolic-ref --short HEAD [1ms]
[2022-09-03T03:52:29.328Z] > git for-each-ref --format=%(refname)%00%(upstream:short)%00%(objectname)%00%(upstream:track)%00%(upstream:remotename)%00%(upstream:remoteref) refs/heads/master refs/remotes/master [2ms]
[2022-09-03T03:52:29.336Z] > git for-each-ref --sort -committerdate --format %(refname) %(objectname) %(*objectname) [4ms]
[2022-09-03T03:52:29.336Z] > git remote --verbose [1ms]
[2022-09-03T03:52:29.343Z] > git config --get commit.template [1ms]
[2022-09-03T03:53:02.566Z] > git status -z -uall [102ms]
[2022-09-03T03:53:02.571Z] > git symbolic-ref --short HEAD [1ms]
[2022-09-03T03:53:02.576Z] > git for-each-ref --format=%(refname)%00%(upstream:short)%00%(objectname)%00%(upstream:track)%00%(upstream:remotename)%00%(upstream:remoteref) refs/heads/master refs/remotes/master [1ms]
[2022-09-03T03:53:02.585Z] > git for-each-ref --sort -committerdate --format %(refname) %(objectname) %(*objectname) [5ms]
[2022-09-03T03:53:02.586Z] > git remote --verbose [1ms]
[2022-09-03T03:53:02.592Z] > git config --get commit.template [1ms]
[2022-09-03T03:53:30.754Z] > git status -z -uall [86ms]
[2022-09-03T03:53:30.760Z] > git symbolic-ref --short HEAD [1ms]
[2022-09-03T03:53:30.766Z] > git for-each-ref --format=%(refname)%00%(upstream:short)%00%(objectname)%00%(upstream:track)%00%(upstream:remotename)%00%(upstream:remoteref) refs/heads/master refs/remotes/master [1ms]
[2022-09-03T03:53:30.776Z] > git for-each-ref --sort -committerdate --format %(refname) %(objectname) %(*objectname) [5ms]
[2022-09-03T03:53:30.776Z] > git remote --verbose [1ms]
[2022-09-03T03:53:30.791Z] > git config --get commit.template [1ms]
[2022-09-03T03:56:46.884Z] > git status -z -uall [85ms]
[2022-09-03T03:56:46.890Z] > git symbolic-ref --short HEAD [1ms]
[2022-09-03T03:56:46.896Z] > git for-each-ref --format=%(refname)%00%(upstream:short)%00%(objectname)%00%(upstream:track)%00%(upstream:remotename)%00%(upstream:remoteref) refs/heads/master refs/remotes/master [2ms]
[2022-09-03T03:56:46.904Z] > git for-each-ref --sort -committerdate --format %(refname) %(objectname) %(*objectname) [5ms]
[2022-09-03T03:56:46.905Z] > git remote --verbose [2ms]
[2022-09-03T03:56:46.911Z] > git config --get commit.template [1ms]
