[2022-09-03T03:56:58.789Z] Log level: Info
[2022-09-03T03:56:58.790Z] [info] Validating found git in: git
[2022-09-03T03:56:58.806Z] [info] Using git 2.37.3 from git
[2022-09-03T03:56:58.822Z] > git rev-parse --show-toplevel [3ms]
[2022-09-03T03:56:58.832Z] > git rev-parse --git-dir --git-common-dir [1ms]
[2022-09-03T03:56:58.838Z] [info] Open repository: /home/gabriel/.config/awesome
[2022-09-03T03:56:58.976Z] > git status -z -uall [130ms]
[2022-09-03T03:56:58.989Z] > git symbolic-ref --short HEAD [5ms]
[2022-09-03T03:56:58.999Z] > git for-each-ref --format=%(refname)%00%(upstream:short)%00%(objectname)%00%(upstream:track)%00%(upstream:remotename)%00%(upstream:remoteref) refs/heads/master refs/remotes/master [3ms]
[2022-09-03T03:56:59.012Z] > git remote --verbose [2ms]
[2022-09-03T03:56:59.013Z] > git for-each-ref --sort -committerdate --format %(refname) %(objectname) %(*objectname) [8ms]
[2022-09-03T03:56:59.022Z] > git config --get commit.template [1ms]
[2022-09-03T03:56:59.129Z] > git status -z -uall [100ms]
[2022-09-03T03:56:59.134Z] > git symbolic-ref --short HEAD [1ms]
[2022-09-03T03:56:59.140Z] > git for-each-ref --format=%(refname)%00%(upstream:short)%00%(objectname)%00%(upstream:track)%00%(upstream:remotename)%00%(upstream:remoteref) refs/heads/master refs/remotes/master [2ms]
[2022-09-03T03:56:59.149Z] > git for-each-ref --sort -committerdate --format %(refname) %(objectname) %(*objectname) [5ms]
[2022-09-03T03:56:59.149Z] > git remote --verbose [1ms]
[2022-09-03T03:56:59.156Z] > git config --get commit.template [1ms]
[2022-09-03T03:56:59.396Z] > git check-ignore -v -z --stdin [3ms]
[2022-09-03T03:56:59.500Z] > git show --textconv :rc.lua [17ms]
[2022-09-03T03:56:59.503Z] > git ls-files --stage -- /home/gabriel/.config/awesome/rc.lua [5ms]
[2022-09-03T03:56:59.657Z] > git rev-parse --show-toplevel [1ms]
[2022-09-03T03:56:59.663Z] > git rev-parse --git-dir --git-common-dir [1ms]
[2022-09-03T03:56:59.665Z] [info] Open repository: /home/gabriel/.config/awesome/lain
[2022-09-03T03:56:59.675Z] > git rev-parse --show-toplevel [1ms]
[2022-09-03T03:56:59.680Z] > git status -z -uall [10ms]
[2022-09-03T03:56:59.687Z] > git rev-parse --git-dir --git-common-dir [7ms]
[2022-09-03T03:56:59.690Z] [info] Open repository: /home/gabriel/.config/awesome/freedesktop
[2022-09-03T03:56:59.697Z] > git symbolic-ref --short HEAD [12ms]
[2022-09-03T03:56:59.697Z] fatal: ref HEAD is not a symbolic ref
[2022-09-03T03:56:59.704Z] > git status -z -uall [9ms]
[2022-09-03T03:56:59.710Z] > git rev-parse HEAD [8ms]
[2022-09-03T03:56:59.720Z] > git for-each-ref --sort -committerdate --format %(refname) %(objectname) %(*objectname) [6ms]
[2022-09-03T03:56:59.720Z] > git symbolic-ref --short HEAD [11ms]
[2022-09-03T03:56:59.720Z] fatal: ref HEAD is not a symbolic ref
[2022-09-03T03:56:59.726Z] > git remote --verbose [7ms]
[2022-09-03T03:56:59.731Z] > git rev-parse HEAD [6ms]
[2022-09-03T03:56:59.745Z] > git for-each-ref --sort -committerdate --format %(refname) %(objectname) %(*objectname) [10ms]
[2022-09-03T03:56:59.746Z] > git config --get commit.template [2ms]
[2022-09-03T03:56:59.746Z] > git remote --verbose [7ms]
[2022-09-03T03:56:59.752Z] > git config --get commit.template [1ms]
[2022-09-03T03:57:00.203Z] > git check-ignore -v -z --stdin [1ms]
[2022-09-03T03:57:00.233Z] > git rev-parse --show-toplevel [1ms]
[2022-09-03T03:57:00.239Z] > git rev-parse --git-dir --git-common-dir [1ms]
[2022-09-03T03:57:00.241Z] [info] Open repository: /home/gabriel/.config/awesome/lain/wiki
[2022-09-03T03:57:00.249Z] > git status -z -uall [3ms]
[2022-09-03T03:57:00.257Z] > git symbolic-ref --short HEAD [1ms]
[2022-09-03T03:57:00.257Z] fatal: ref HEAD is not a symbolic ref
[2022-09-03T03:57:00.265Z] > git rev-parse HEAD [2ms]
[2022-09-03T03:57:00.274Z] > git for-each-ref --sort -committerdate --format %(refname) %(objectname) %(*objectname) [5ms]
[2022-09-03T03:57:00.275Z] > git remote --verbose [2ms]
[2022-09-03T03:57:00.281Z] > git config --get commit.template [1ms]
[2022-09-03T03:57:00.783Z] > git check-ignore -v -z --stdin [5ms]
[2022-09-03T03:59:38.064Z] > git status -z -uall [104ms]
[2022-09-03T03:59:38.069Z] > git symbolic-ref --short HEAD [1ms]
[2022-09-03T03:59:38.074Z] > git for-each-ref --format=%(refname)%00%(upstream:short)%00%(objectname)%00%(upstream:track)%00%(upstream:remotename)%00%(upstream:remoteref) refs/heads/master refs/remotes/master [1ms]
[2022-09-03T03:59:38.084Z] > git for-each-ref --sort -committerdate --format %(refname) %(objectname) %(*objectname) [6ms]
[2022-09-03T03:59:38.084Z] > git remote --verbose [1ms]
[2022-09-03T03:59:38.091Z] > git config --get commit.template [1ms]
[2022-09-03T03:59:54.017Z] > git status -z -uall [85ms]
[2022-09-03T03:59:54.022Z] > git symbolic-ref --short HEAD [1ms]
[2022-09-03T03:59:54.027Z] > git for-each-ref --format=%(refname)%00%(upstream:short)%00%(objectname)%00%(upstream:track)%00%(upstream:remotename)%00%(upstream:remoteref) refs/heads/master refs/remotes/master [2ms]
[2022-09-03T03:59:54.036Z] > git for-each-ref --sort -committerdate --format %(refname) %(objectname) %(*objectname) [5ms]
[2022-09-03T03:59:54.037Z] > git remote --verbose [2ms]
[2022-09-03T03:59:54.044Z] > git config --get commit.template [1ms]
[2022-09-03T04:00:08.073Z] > git status -z -uall [80ms]
[2022-09-03T04:00:08.079Z] > git symbolic-ref --short HEAD [1ms]
[2022-09-03T04:00:08.085Z] > git for-each-ref --format=%(refname)%00%(upstream:short)%00%(objectname)%00%(upstream:track)%00%(upstream:remotename)%00%(upstream:remoteref) refs/heads/master refs/remotes/master [2ms]
[2022-09-03T04:00:08.095Z] > git for-each-ref --sort -committerdate --format %(refname) %(objectname) %(*objectname) [6ms]
[2022-09-03T04:00:08.096Z] > git remote --verbose [2ms]
[2022-09-03T04:00:08.102Z] > git config --get commit.template [0ms]
[2022-09-03T04:01:49.325Z] > git status -z -uall [85ms]
[2022-09-03T04:01:49.330Z] > git symbolic-ref --short HEAD [1ms]
[2022-09-03T04:01:49.335Z] > git for-each-ref --format=%(refname)%00%(upstream:short)%00%(objectname)%00%(upstream:track)%00%(upstream:remotename)%00%(upstream:remoteref) refs/heads/master refs/remotes/master [2ms]
[2022-09-03T04:01:49.343Z] > git for-each-ref --sort -committerdate --format %(refname) %(objectname) %(*objectname) [5ms]
[2022-09-03T04:01:49.344Z] > git remote --verbose [2ms]
[2022-09-03T04:01:49.350Z] > git config --get commit.template [1ms]
[2022-09-03T04:02:51.932Z] > git status -z -uall [84ms]
[2022-09-03T04:02:51.938Z] > git symbolic-ref --short HEAD [1ms]
[2022-09-03T04:02:51.943Z] > git for-each-ref --format=%(refname)%00%(upstream:short)%00%(objectname)%00%(upstream:track)%00%(upstream:remotename)%00%(upstream:remoteref) refs/heads/master refs/remotes/master [2ms]
[2022-09-03T04:02:51.952Z] > git for-each-ref --sort -committerdate --format %(refname) %(objectname) %(*objectname) [5ms]
[2022-09-03T04:02:51.952Z] > git remote --verbose [1ms]
[2022-09-03T04:02:51.959Z] > git config --get commit.template [1ms]
[2022-09-03T04:03:10.606Z] > git status -z -uall [90ms]
[2022-09-03T04:03:10.611Z] > git symbolic-ref --short HEAD [1ms]
[2022-09-03T04:03:10.617Z] > git for-each-ref --format=%(refname)%00%(upstream:short)%00%(objectname)%00%(upstream:track)%00%(upstream:remotename)%00%(upstream:remoteref) refs/heads/master refs/remotes/master [2ms]
[2022-09-03T04:03:10.625Z] > git for-each-ref --sort -committerdate --format %(refname) %(objectname) %(*objectname) [5ms]
[2022-09-03T04:03:10.626Z] > git remote --verbose [1ms]
[2022-09-03T04:03:10.632Z] > git config --get commit.template [1ms]
[2022-09-03T04:03:59.663Z] > git status -z -uall [106ms]
[2022-09-03T04:03:59.668Z] > git symbolic-ref --short HEAD [1ms]
[2022-09-03T04:03:59.673Z] > git for-each-ref --format=%(refname)%00%(upstream:short)%00%(objectname)%00%(upstream:track)%00%(upstream:remotename)%00%(upstream:remoteref) refs/heads/master refs/remotes/master [1ms]
[2022-09-03T04:03:59.681Z] > git for-each-ref --sort -committerdate --format %(refname) %(objectname) %(*objectname) [4ms]
[2022-09-03T04:03:59.682Z] > git remote --verbose [1ms]
[2022-09-03T04:03:59.689Z] > git config --get commit.template [1ms]
[2022-09-03T04:04:13.609Z] > git status -z -uall [96ms]
[2022-09-03T04:04:13.614Z] > git symbolic-ref --short HEAD [1ms]
[2022-09-03T04:04:13.619Z] > git for-each-ref --format=%(refname)%00%(upstream:short)%00%(objectname)%00%(upstream:track)%00%(upstream:remotename)%00%(upstream:remoteref) refs/heads/master refs/remotes/master [2ms]
[2022-09-03T04:04:13.628Z] > git remote --verbose [2ms]
[2022-09-03T04:04:13.628Z] > git for-each-ref --sort -committerdate --format %(refname) %(objectname) %(*objectname) [5ms]
[2022-09-03T04:04:13.635Z] > git config --get commit.template [1ms]
[2022-09-03T04:04:53.146Z] > git status -z -uall [97ms]
[2022-09-03T04:04:53.151Z] > git symbolic-ref --short HEAD [1ms]
[2022-09-03T04:04:53.156Z] > git for-each-ref --format=%(refname)%00%(upstream:short)%00%(objectname)%00%(upstream:track)%00%(upstream:remotename)%00%(upstream:remoteref) refs/heads/master refs/remotes/master [1ms]
[2022-09-03T04:04:53.165Z] > git for-each-ref --sort -committerdate --format %(refname) %(objectname) %(*objectname) [5ms]
[2022-09-03T04:04:53.165Z] > git remote --verbose [1ms]
[2022-09-03T04:04:53.173Z] > git config --get commit.template [1ms]
[2022-09-03T04:04:58.273Z] > git status -z -uall [86ms]
[2022-09-03T04:04:58.278Z] > git symbolic-ref --short HEAD [1ms]
[2022-09-03T04:04:58.284Z] > git for-each-ref --format=%(refname)%00%(upstream:short)%00%(objectname)%00%(upstream:track)%00%(upstream:remotename)%00%(upstream:remoteref) refs/heads/master refs/remotes/master [1ms]
[2022-09-03T04:04:58.292Z] > git for-each-ref --sort -committerdate --format %(refname) %(objectname) %(*objectname) [5ms]
[2022-09-03T04:04:58.292Z] > git remote --verbose [1ms]
[2022-09-03T04:04:58.300Z] > git config --get commit.template [1ms]
[2022-09-03T04:05:15.696Z] > git status -z -uall [105ms]
[2022-09-03T04:05:15.702Z] > git symbolic-ref --short HEAD [2ms]
[2022-09-03T04:05:15.707Z] > git for-each-ref --format=%(refname)%00%(upstream:short)%00%(objectname)%00%(upstream:track)%00%(upstream:remotename)%00%(upstream:remoteref) refs/heads/master refs/remotes/master [2ms]
[2022-09-03T04:05:15.714Z] > git for-each-ref --sort -committerdate --format %(refname) %(objectname) %(*objectname) [4ms]
[2022-09-03T04:05:15.714Z] > git remote --verbose [0ms]
[2022-09-03T04:05:15.721Z] > git config --get commit.template [1ms]
[2022-09-03T04:05:28.491Z] > git status -z -uall [98ms]
[2022-09-03T04:05:28.496Z] > git symbolic-ref --short HEAD [1ms]
[2022-09-03T04:05:28.501Z] > git for-each-ref --format=%(refname)%00%(upstream:short)%00%(objectname)%00%(upstream:track)%00%(upstream:remotename)%00%(upstream:remoteref) refs/heads/master refs/remotes/master [1ms]
[2022-09-03T04:05:28.509Z] > git for-each-ref --sort -committerdate --format %(refname) %(objectname) %(*objectname) [4ms]
[2022-09-03T04:05:28.510Z] > git remote --verbose [1ms]
[2022-09-03T04:05:28.516Z] > git config --get commit.template [1ms]
[2022-09-03T04:05:33.634Z] > git status -z -uall [103ms]
[2022-09-03T04:05:33.639Z] > git symbolic-ref --short HEAD [1ms]
[2022-09-03T04:05:33.644Z] > git for-each-ref --format=%(refname)%00%(upstream:short)%00%(objectname)%00%(upstream:track)%00%(upstream:remotename)%00%(upstream:remoteref) refs/heads/master refs/remotes/master [1ms]
[2022-09-03T04:05:33.653Z] > git for-each-ref --sort -committerdate --format %(refname) %(objectname) %(*objectname) [5ms]
[2022-09-03T04:05:33.654Z] > git remote --verbose [2ms]
[2022-09-03T04:05:33.660Z] > git config --get commit.template [1ms]
[2022-09-03T04:05:38.773Z] > git status -z -uall [99ms]
[2022-09-03T04:05:38.778Z] > git symbolic-ref --short HEAD [1ms]
[2022-09-03T04:05:38.784Z] > git for-each-ref --format=%(refname)%00%(upstream:short)%00%(objectname)%00%(upstream:track)%00%(upstream:remotename)%00%(upstream:remoteref) refs/heads/master refs/remotes/master [2ms]
[2022-09-03T04:05:38.792Z] > git for-each-ref --sort -committerdate --format %(refname) %(objectname) %(*objectname) [4ms]
[2022-09-03T04:05:38.792Z] > git remote --verbose [1ms]
[2022-09-03T04:05:38.799Z] > git config --get commit.template [1ms]
[2022-09-03T04:05:43.922Z] > git status -z -uall [110ms]
[2022-09-03T04:05:43.927Z] > git symbolic-ref --short HEAD [1ms]
[2022-09-03T04:05:43.932Z] > git for-each-ref --format=%(refname)%00%(upstream:short)%00%(objectname)%00%(upstream:track)%00%(upstream:remotename)%00%(upstream:remoteref) refs/heads/master refs/remotes/master [2ms]
[2022-09-03T04:05:43.940Z] > git for-each-ref --sort -committerdate --format %(refname) %(objectname) %(*objectname) [4ms]
[2022-09-03T04:05:43.940Z] > git remote --verbose [1ms]
[2022-09-03T04:05:43.947Z] > git config --get commit.template [1ms]
[2022-09-03T04:06:05.324Z] > git status -z -uall [94ms]
[2022-09-03T04:06:05.330Z] > git symbolic-ref --short HEAD [1ms]
[2022-09-03T04:06:05.337Z] > git for-each-ref --format=%(refname)%00%(upstream:short)%00%(objectname)%00%(upstream:track)%00%(upstream:remotename)%00%(upstream:remoteref) refs/heads/master refs/remotes/master [2ms]
[2022-09-03T04:06:05.347Z] > git for-each-ref --sort -committerdate --format %(refname) %(objectname) %(*objectname) [5ms]
[2022-09-03T04:06:05.347Z] > git remote --verbose [1ms]
[2022-09-03T04:06:05.357Z] > git config --get commit.template [2ms]
